0 info it worked if it ends with ok
1 verbose cli [ '/usr/bin/nodejs', '/usr/bin/npm', 'publish' ]
2 info using npm@3.10.10
3 info using node@v6.11.2
4 verbose publish [ '.' ]
5 silly cache add args [ '.', null ]
6 verbose cache add spec .
7 silly cache add parsed spec Result {
7 silly cache add   raw: '.',
7 silly cache add   scope: null,
7 silly cache add   escapedName: null,
7 silly cache add   name: null,
7 silly cache add   rawSpec: '.',
7 silly cache add   spec: '/home/shekhar/react-semantic-redux-form',
7 silly cache add   type: 'directory' }
8 verbose addLocalDirectory /home/shekhar/.npm/react-semantic-redux-form/1.1.0/package.tgz not in flight; packing
9 verbose correctMkdir /home/shekhar/.npm correctMkdir not in flight; initializing
10 info lifecycle react-semantic-redux-form@1.1.0~prepublish: react-semantic-redux-form@1.1.0
11 verbose lifecycle react-semantic-redux-form@1.1.0~prepublish: unsafe-perm in lifecycle true
12 verbose lifecycle react-semantic-redux-form@1.1.0~prepublish: PATH: /usr/lib/node_modules/npm/bin/node-gyp-bin:/home/shekhar/react-semantic-redux-form/node_modules/.bin:/home/shekhar/bin:/home/shekhar/.local/bin:/usr/local/sbin:/usr/local/bin:/usr/sbin:/usr/bin:/sbin:/bin:/usr/games:/usr/local/games:/snap/bin
13 verbose lifecycle react-semantic-redux-form@1.1.0~prepublish: CWD: /home/shekhar/react-semantic-redux-form
14 silly lifecycle react-semantic-redux-form@1.1.0~prepublish: Args: [ '-c', 'yarn run build' ]
15 silly lifecycle react-semantic-redux-form@1.1.0~prepublish: Returned: code: 0  signal: null
16 verbose tar pack [ '/home/shekhar/.npm/react-semantic-redux-form/1.1.0/package.tgz',
16 verbose tar pack   '/home/shekhar/react-semantic-redux-form' ]
17 verbose tarball /home/shekhar/.npm/react-semantic-redux-form/1.1.0/package.tgz
18 verbose folder /home/shekhar/react-semantic-redux-form
19 verbose addLocalTarball adding from inside cache /home/shekhar/.npm/react-semantic-redux-form/1.1.0/package.tgz
20 verbose correctMkdir /home/shekhar/.npm correctMkdir not in flight; initializing
21 silly cache afterAdd react-semantic-redux-form@1.1.0
22 verbose afterAdd /home/shekhar/.npm/react-semantic-redux-form/1.1.0/package/package.json not in flight; writing
23 verbose correctMkdir /home/shekhar/.npm correctMkdir not in flight; initializing
24 verbose afterAdd /home/shekhar/.npm/react-semantic-redux-form/1.1.0/package/package.json written
25 silly publish { name: 'react-semantic-redux-form',
25 silly publish   version: '1.1.0',
25 silly publish   description: 'Semantic-ui-react component integration with Redux form',
25 silly publish   main: 'dist/index',
25 silly publish   author: { name: 'ChandraShekhar' },
25 silly publish   license: 'MIT',
25 silly publish   repository:
25 silly publish    { type: 'git',
25 silly publish      url: 'git+https://github.com/ckshekhar73/react-semantic-redux-form.git' },
25 silly publish   keywords: [ 'react', 'semantic-ui-react', 'redux form' ],
25 silly publish   scripts:
25 silly publish    { build: 'babel src --out-dir dist',
25 silly publish      prepublish: 'yarn run build' },
25 silly publish   dependencies:
25 silly publish    { react: '^15.6.1',
25 silly publish      'redux-form': '^7.0.3',
25 silly publish      'semantic-ui-react': '^0.71.5' },
25 silly publish   devDependencies:
25 silly publish    { 'babel-cli': '^6.26.0',
25 silly publish      'babel-plugin-transform-object-rest-spread': '^6.26.0',
25 silly publish      'babel-preset-es2015': '^6.24.1',
25 silly publish      'babel-preset-react': '^6.24.1' },
25 silly publish   readme: '# react-semantic-redux-form\nSemantic-ui-react component integration with Redux form\n\n# Integration of [Semantic UI React](https://react.semantic-ui.com/introduction) with [Redux Form](http://redux-form.com)\n# Available Components \n\n<p>Components with Field suffix are Form.Field(A field is a form element containing a label and an input.) components</p>\n\n1. InputField - [An InputField is a form field.]() [Input](https://react.semantic-ui.com/collections/form#form-example-subcomponent-control)\n2. [TextAreaField](https://react.semantic-ui.com/addons/text-area#text-area-example-text-area)\n3. [SelectField](https://react.semantic-ui.com/addons/select)\n4. [ToggleField](https://react.semantic-ui.com/addons/radio#radio-example-toggle)\n5. [RadioField](https://react.semantic-ui.com/collections/form#form-example-field-control)\n6. [CheckboxField](https://react.semantic-ui.com/collections/form#form-example-required-field-shorthand)\n7. [LabelInputField] - A Form Field input component formatted with a label. [Labled Input](https://react.semantic-ui.com/elements/input#input-example-right-labeled-basic)\n8. [Toggle](https://react.semantic-ui.com/addons/radio#radio-example-toggle)\n9. [RadioComponent](https://react.semantic-ui.com/addons/radio)\n10. [CheckboxComponent](https://react.semantic-ui.com/modules/checkbox)\n\n\n# Example input text\nimport { Field } from \'redux-form\';\n\nimport { InputField } from \'react-semantic-redux-form\';\n\n`<Field name=\'name\' component={InputField}\n\tlabel=\'Name\' placeholder=\'Name\' />`\n\n# Example input textarea\nimport { Field } from \'redux-form\';\n\nimport { TextAreaField } from \'react-semantic-redux-form\';\n\n`<Field name=\'name\' component={TextAreaField}\n\tlabel=\'Name\' placeholder=\'Name\' />`\n\n\n # Example Login Form\n\nimport React from \'react\';\n\nimport PropTypes from \'prop-types\';\n\nimport { Field, reduxForm } from \'redux-form\';\n\nimport { Form, Icon, Button } from \'semantic-ui-react\';\n\nimport { LabelInputField, CheckboxField } from \'react-semantic-redux-form\';\n\nconst LoginForm = props => {\n\n  return (\n\n    <Form onSubmit={handleSubmit}>\n      <Field name=\'username\' component={LabelInputField}\n      label={{ content: <Icon color=\'blue\' name=\'user\' size=\'large\'/> }}\n      labelPosition=\'left\'\n      placeholder=\'Username\'/>\n\n      <Field name=\'password\' component={LabelInputField}\n      type=\'password\'\n      label={{ content: <Icon color=\'blue\' name=\'lock\' size=\'large\'/> }}\n      labelPosition=\'left\'\n      placeholder=\'Password\'/>\n\n      <Form.Group>\n      <Field name=\'remember\' component={CheckboxField}\n      label=\'Stay sign in\'/>\n\n      </Form.Group>\n      <Form.Field control={Button} primary\n      type=\'submit\'>\n      Login\n      </Form.Field>\n\n    </Form>\n  )\n}\n\nexport default reduxForm({\n\tform: \'loginForm\',\t// a unique identifier for this form\n\n})(LoginForm)\n',
25 silly publish   readmeFilename: 'README.md',
25 silly publish   gitHead: '391f7e95c599e653555cc14bc6bfb43ab204d979',
25 silly publish   bugs: { url: 'https://github.com/ckshekhar73/react-semantic-redux-form/issues' },
25 silly publish   homepage: 'https://github.com/ckshekhar73/react-semantic-redux-form#readme',
25 silly publish   _id: 'react-semantic-redux-form@1.1.0',
25 silly publish   _shasum: '714a8d9cbe0e0f4e5b272c6be7771958fe2752b8',
25 silly publish   _from: '.' }
26 verbose getPublishConfig undefined
27 silly mapToRegistry name react-semantic-redux-form
28 silly mapToRegistry using default registry
29 silly mapToRegistry registry https://registry.npmjs.org/
30 silly mapToRegistry data Result {
30 silly mapToRegistry   raw: 'react-semantic-redux-form',
30 silly mapToRegistry   scope: null,
30 silly mapToRegistry   escapedName: 'react-semantic-redux-form',
30 silly mapToRegistry   name: 'react-semantic-redux-form',
30 silly mapToRegistry   rawSpec: '',
30 silly mapToRegistry   spec: 'latest',
30 silly mapToRegistry   type: 'tag' }
31 silly mapToRegistry uri https://registry.npmjs.org/react-semantic-redux-form
32 verbose publish registryBase https://registry.npmjs.org/
33 silly publish uploading /home/shekhar/.npm/react-semantic-redux-form/1.1.0/package.tgz
34 verbose request uri https://registry.npmjs.org/react-semantic-redux-form
35 verbose request sending authorization for write operation
36 info attempt registry request try #1 at 3:30:49 PM
37 verbose request using bearer token for auth
38 verbose request id cc7a6d9b5a822b0a
39 http request PUT https://registry.npmjs.org/react-semantic-redux-form
40 http 403 https://registry.npmjs.org/react-semantic-redux-form
41 verbose headers { 'content-type': 'application/json',
41 verbose headers   'cache-control': 'max-age=300',
41 verbose headers   'content-length': '91',
41 verbose headers   'accept-ranges': 'bytes',
41 verbose headers   date: 'Thu, 24 Aug 2017 10:00:51 GMT',
41 verbose headers   via: '1.1 varnish',
41 verbose headers   connection: 'keep-alive',
41 verbose headers   'x-served-by': 'cache-sin18023-SIN',
41 verbose headers   'x-cache': 'MISS',
41 verbose headers   'x-cache-hits': '0',
41 verbose headers   'x-timer': 'S1503568850.251681,VS0,VE952',
41 verbose headers   vary: 'Accept-Encoding, Accept' }
42 verbose request invalidating /home/shekhar/.npm/registry.npmjs.org/react-semantic-redux-form on PUT
43 error publish Failed PUT 403
44 verbose stack Error: You cannot publish over the previously published version 1.1.0. : react-semantic-redux-form
44 verbose stack     at makeError (/usr/lib/node_modules/npm/node_modules/npm-registry-client/lib/request.js:302:12)
44 verbose stack     at CachingRegistryClient.<anonymous> (/usr/lib/node_modules/npm/node_modules/npm-registry-client/lib/request.js:290:14)
44 verbose stack     at Request._callback (/usr/lib/node_modules/npm/node_modules/npm-registry-client/lib/request.js:210:14)
44 verbose stack     at Request.self.callback (/usr/lib/node_modules/npm/node_modules/request/request.js:187:22)
44 verbose stack     at emitTwo (events.js:106:13)
44 verbose stack     at Request.emit (events.js:191:7)
44 verbose stack     at Request.<anonymous> (/usr/lib/node_modules/npm/node_modules/request/request.js:1048:10)
44 verbose stack     at emitOne (events.js:96:13)
44 verbose stack     at Request.emit (events.js:188:7)
44 verbose stack     at IncomingMessage.<anonymous> (/usr/lib/node_modules/npm/node_modules/request/request.js:969:12)
45 verbose statusCode 403
46 verbose pkgid react-semantic-redux-form
47 verbose cwd /home/shekhar/react-semantic-redux-form
48 error Linux 4.10.0-32-generic
49 error argv "/usr/bin/nodejs" "/usr/bin/npm" "publish"
50 error node v6.11.2
51 error npm  v3.10.10
52 error code E403
53 error You cannot publish over the previously published version 1.1.0. : react-semantic-redux-form
54 error If you need help, you may report this error at:
54 error     <https://github.com/npm/npm/issues>
55 verbose exit [ 1, true ]
